<?xml version="1.0" encoding="UTF-8"?>
<!-- Generated by org.testng.reporters.JUnitReportReporter -->
<testsuite hostname="DESKTOP-57C5M3I" failures="0" tests="1" name="testNgFramework.TF02_TestNgTestCaseDemo2" time="0.009" errors="0" timestamp="2021-07-26T13:55:45 EDT" skipped="0">
  <testcase classname="testNgFramework.TF02_TestNgTestCaseDemo2" name="test3" time="0.009"/>
  <system-out/>
</testsuite> <!-- testNgFramework.TF02_TestNgTestCaseDemo2 -->
