<?xml version="1.0" encoding="UTF-8"?>
<!-- Generated by org.testng.reporters.JUnitReportReporter -->
<testsuite hostname="DESKTOP-57C5M3I" failures="0" tests="2" name="testNgFramework.TF03_TestNgTestCaseDemo3" time="0.011" errors="0" timestamp="2021-07-26T13:55:45 EDT" skipped="0">
  <testcase classname="testNgFramework.TF03_TestNgTestCaseDemo3" name="test5" time="0.007"/>
  <system-out/>
  <testcase classname="testNgFramework.TF03_TestNgTestCaseDemo3" name="test4" time="0.004"/>
  <system-out/>
</testsuite> <!-- testNgFramework.TF03_TestNgTestCaseDemo3 -->
