<?xml version="1.0" encoding="UTF-8"?>
<!-- Generated by org.testng.reporters.JUnitReportReporter -->
<testsuite hostname="DESKTOP-57C5M3I" failures="0" tests="2" name="TestNgFrameworkWithDataProviderDemo.TestNgFrameworkWithDataProviderDemo" time="11.198" errors="0" timestamp="2021-07-26T14:14:12 EDT" skipped="0">
  <testcase classname="TestNgFrameworkWithDataProviderDemo.TestNgFrameworkWithDataProviderDemo" name="countrySearchTest" time="4.702"/>
  <system-out/>
  <testcase classname="TestNgFrameworkWithDataProviderDemo.TestNgFrameworkWithDataProviderDemo" name="countrySearchTest" time="6.496"/>
  <system-out/>
</testsuite> <!-- TestNgFrameworkWithDataProviderDemo.TestNgFrameworkWithDataProviderDemo -->
