<?xml version="1.0" encoding="UTF-8"?>
<!-- Generated by org.testng.reporters.JUnitReportReporter -->
<testsuite hostname="DESKTOP-57C5M3I" failures="0" tests="2" name="testNgFramework.TF01_TestNgTestCaseDemo1" time="0.011" errors="0" timestamp="2021-07-26T13:55:45 EDT" skipped="0">
  <testcase classname="testNgFramework.TF01_TestNgTestCaseDemo1" name="test2" time="0.007"/>
  <system-out/>
  <testcase classname="testNgFramework.TF01_TestNgTestCaseDemo1" name="test1" time="0.004"/>
  <system-out/>
</testsuite> <!-- testNgFramework.TF01_TestNgTestCaseDemo1 -->
